<?xml version="1.0" encoding="UTF-8"?>
<testsuite xmlns:xsi="http://www.w3.org/2001/XMLSchema-instance" xsi:noNamespaceSchemaLocation="https://maven.apache.org/surefire/maven-surefire-plugin/xsd/surefire-test-report.xsd" name="testrunner.TestRunner" time="26.203" tests="1" errors="0" skipped="0" failures="0">
  <properties>
    <property name="gopherProxySet" value="false"/>
    <property name="awt.toolkit" value="sun.lwawt.macosx.LWCToolkit"/>
    <property name="java.specification.version" value="10"/>
    <property name="file.encoding.pkg" value="sun.io"/>
    <property name="sun.cpu.isalist" value=""/>
    <property name="sun.jnu.encoding" value="UTF-8"/>
    <property name="java.class.path" value="/Users/tdlpacpro/Documents/javaAutomation/target/test-classes:/Users/tdlpacpro/Documents/javaAutomation/target/classes:/Users/tdlpacpro/.m2/repository/io/cucumber/cucumber-junit/3.0.2/cucumber-junit-3.0.2.jar:/Users/tdlpacpro/.m2/repository/junit/junit/4.12/junit-4.12.jar:/Users/tdlpacpro/.m2/repository/org/hamcrest/hamcrest-core/1.3/hamcrest-core-1.3.jar:/Users/tdlpacpro/.m2/repository/io/cucumber/cucumber-core/3.0.2/cucumber-core-3.0.2.jar:/Users/tdlpacpro/.m2/repository/io/cucumber/cucumber-html/0.2.7/cucumber-html-0.2.7.jar:/Users/tdlpacpro/.m2/repository/io/cucumber/tag-expressions/1.1.1/tag-expressions-1.1.1.jar:/Users/tdlpacpro/.m2/repository/io/cucumber/cucumber-expressions/5.0.19/cucumber-expressions-5.0.19.jar:/Users/tdlpacpro/.m2/repository/io/cucumber/datatable/1.0.3/datatable-1.0.3.jar:/Users/tdlpacpro/.m2/repository/io/cucumber/datatable-dependencies/1.0.3/datatable-dependencies-1.0.3.jar:/Users/tdlpacpro/.m2/repository/io/cucumber/cucumber-java/3.0.2/cucumber-java-3.0.2.jar:/Users/tdlpacpro/.m2/repository/io/cucumber/gherkin/5.1.0/gherkin-5.1.0.jar:/Users/tdlpacpro/.m2/repository/io/cucumber/gherkin-jvm-deps/1.0.4/gherkin-jvm-deps-1.0.4.jar:/Users/tdlpacpro/.m2/repository/io/cucumber/cucumber-jvm-deps/1.0.6/cucumber-jvm-deps-1.0.6.jar:/Users/tdlpacpro/.m2/repository/io/cucumber/cucumber-picocontainer/3.0.2/cucumber-picocontainer-3.0.2.jar:/Users/tdlpacpro/.m2/repository/org/picocontainer/picocontainer/2.15/picocontainer-2.15.jar:/Users/tdlpacpro/.m2/repository/com/codeborne/selenide/4.12.3/selenide-4.12.3.jar:/Users/tdlpacpro/.m2/repository/org/seleniumhq/selenium/selenium-java/3.13.0/selenium-java-3.13.0.jar:/Users/tdlpacpro/.m2/repository/org/seleniumhq/selenium/selenium-api/3.13.0/selenium-api-3.13.0.jar:/Users/tdlpacpro/.m2/repository/org/seleniumhq/selenium/selenium-chrome-driver/3.13.0/selenium-chrome-driver-3.13.0.jar:/Users/tdlpacpro/.m2/repository/org/seleniumhq/selenium/selenium-edge-driver/3.13.0/selenium-edge-driver-3.13.0.jar:/Users/tdlpacpro/.m2/repository/org/seleniumhq/selenium/selenium-firefox-driver/3.13.0/selenium-firefox-driver-3.13.0.jar:/Users/tdlpacpro/.m2/repository/org/seleniumhq/selenium/selenium-ie-driver/3.13.0/selenium-ie-driver-3.13.0.jar:/Users/tdlpacpro/.m2/repository/org/seleniumhq/selenium/selenium-opera-driver/3.13.0/selenium-opera-driver-3.13.0.jar:/Users/tdlpacpro/.m2/repository/org/seleniumhq/selenium/selenium-remote-driver/3.13.0/selenium-remote-driver-3.13.0.jar:/Users/tdlpacpro/.m2/repository/org/seleniumhq/selenium/selenium-safari-driver/3.13.0/selenium-safari-driver-3.13.0.jar:/Users/tdlpacpro/.m2/repository/org/seleniumhq/selenium/selenium-support/3.13.0/selenium-support-3.13.0.jar:/Users/tdlpacpro/.m2/repository/net/bytebuddy/byte-buddy/1.8.3/byte-buddy-1.8.3.jar:/Users/tdlpacpro/.m2/repository/org/apache/commons/commons-exec/1.3/commons-exec-1.3.jar:/Users/tdlpacpro/.m2/repository/commons-codec/commons-codec/1.10/commons-codec-1.10.jar:/Users/tdlpacpro/.m2/repository/commons-logging/commons-logging/1.2/commons-logging-1.2.jar:/Users/tdlpacpro/.m2/repository/com/google/code/gson/gson/2.8.4/gson-2.8.4.jar:/Users/tdlpacpro/.m2/repository/com/google/guava/guava/25.0-jre/guava-25.0-jre.jar:/Users/tdlpacpro/.m2/repository/com/google/code/findbugs/jsr305/1.3.9/jsr305-1.3.9.jar:/Users/tdlpacpro/.m2/repository/org/checkerframework/checker-compat-qual/2.0.0/checker-compat-qual-2.0.0.jar:/Users/tdlpacpro/.m2/repository/com/google/errorprone/error_prone_annotations/2.1.3/error_prone_annotations-2.1.3.jar:/Users/tdlpacpro/.m2/repository/com/google/j2objc/j2objc-annotations/1.1/j2objc-annotations-1.1.jar:/Users/tdlpacpro/.m2/repository/org/codehaus/mojo/animal-sniffer-annotations/1.14/animal-sniffer-annotations-1.14.jar:/Users/tdlpacpro/.m2/repository/org/apache/httpcomponents/httpclient/4.5.5/httpclient-4.5.5.jar:/Users/tdlpacpro/.m2/repository/org/apache/httpcomponents/httpcore/4.4.9/httpcore-4.4.9.jar:/Users/tdlpacpro/.m2/repository/com/squareup/okhttp3/okhttp/3.10.0/okhttp-3.10.0.jar:/Users/tdlpacpro/.m2/repository/com/squareup/okio/okio/1.14.1/okio-1.14.1.jar:/Users/tdlpacpro/.m2/repository/io/github/bonigarcia/webdrivermanager/2.2.3/webdrivermanager-2.2.3.jar:/Users/tdlpacpro/.m2/repository/org/slf4j/slf4j-api/1.7.25/slf4j-api-1.7.25.jar:/Users/tdlpacpro/.m2/repository/commons-io/commons-io/2.6/commons-io-2.6.jar:/Users/tdlpacpro/.m2/repository/org/apache/commons/commons-lang3/3.7/commons-lang3-3.7.jar:/Users/tdlpacpro/.m2/repository/org/rauschig/jarchivelib/0.7.1/jarchivelib-0.7.1.jar:/Users/tdlpacpro/.m2/repository/org/apache/commons/commons-compress/1.9/commons-compress-1.9.jar:/Users/tdlpacpro/.m2/repository/org/jsoup/jsoup/1.11.3/jsoup-1.11.3.jar:/Users/tdlpacpro/.m2/repository/net/lightbody/bmp/browsermob-core/2.1.5/browsermob-core-2.1.5.jar:/Users/tdlpacpro/.m2/repository/net/lightbody/bmp/littleproxy/1.1.0-beta-bmp-17/littleproxy-1.1.0-beta-bmp-17.jar:/Users/tdlpacpro/.m2/repository/com/fasterxml/jackson/core/jackson-core/2.8.9/jackson-core-2.8.9.jar:/Users/tdlpacpro/.m2/repository/com/fasterxml/jackson/core/jackson-databind/2.8.9/jackson-databind-2.8.9.jar:/Users/tdlpacpro/.m2/repository/com/fasterxml/jackson/core/jackson-annotations/2.8.9/jackson-annotations-2.8.9.jar:/Users/tdlpacpro/.m2/repository/dnsjava/dnsjava/2.1.8/dnsjava-2.1.8.jar:/Users/tdlpacpro/.m2/repository/org/slf4j/jcl-over-slf4j/1.7.25/jcl-over-slf4j-1.7.25.jar:/Users/tdlpacpro/.m2/repository/com/jcraft/jzlib/1.1.3/jzlib-1.1.3.jar:/Users/tdlpacpro/.m2/repository/io/netty/netty-all/4.0.51.Final/netty-all-4.0.51.Final.jar:/Users/tdlpacpro/.m2/repository/org/bouncycastle/bcprov-jdk15on/1.58/bcprov-jdk15on-1.58.jar:/Users/tdlpacpro/.m2/repository/org/bouncycastle/bcpkix-jdk15on/1.58/bcpkix-jdk15on-1.58.jar:/Users/tdlpacpro/.m2/repository/net/lightbody/bmp/mitm/2.1.5/mitm-2.1.5.jar:/Users/tdlpacpro/.m2/repository/org/junit/jupiter/junit-jupiter-api/5.2.0/junit-jupiter-api-5.2.0.jar:/Users/tdlpacpro/.m2/repository/org/apiguardian/apiguardian-api/1.0.0/apiguardian-api-1.0.0.jar:/Users/tdlpacpro/.m2/repository/org/opentest4j/opentest4j/1.1.0/opentest4j-1.1.0.jar:/Users/tdlpacpro/.m2/repository/org/junit/platform/junit-platform-commons/1.2.0/junit-platform-commons-1.2.0.jar:/Users/tdlpacpro/.m2/repository/org/projectlombok/lombok/1.18.2/lombok-1.18.2.jar:"/>
    <property name="java.vm.vendor" value="&quot;Oracle Corporation&quot;"/>
    <property name="sun.arch.data.model" value="64"/>
    <property name="java.vendor.url" value="http://java.oracle.com/"/>
    <property name="user.timezone" value=""/>
    <property name="java.vm.specification.version" value="10"/>
    <property name="os.name" value="Mac OS X"/>
    <property name="sun.java.launcher" value="SUN_STANDARD"/>
    <property name="user.country" value="LV"/>
    <property name="sun.boot.library.path" value="/Library/Java/JavaVirtualMachines/jdk-10.0.2.jdk/Contents/Home/lib"/>
    <property name="sun.java.command" value="/Users/tdlpacpro/Documents/javaAutomation/target/surefire/surefirebooter14518774496325429869.jar /Users/tdlpacpro/Documents/javaAutomation/target/surefire 2018-08-21T15-38-35_855-jvmRun1 surefire11950958885913126180tmp surefire_013391683746279870374tmp"/>
    <property name="http.nonProxyHosts" value="local|*.local|169.254/16|*.169.254/16"/>
    <property name="jdk.debug" value="release"/>
    <property name="surefire.test.class.path" value="/Users/tdlpacpro/Documents/javaAutomation/target/test-classes:/Users/tdlpacpro/Documents/javaAutomation/target/classes:/Users/tdlpacpro/.m2/repository/io/cucumber/cucumber-junit/3.0.2/cucumber-junit-3.0.2.jar:/Users/tdlpacpro/.m2/repository/junit/junit/4.12/junit-4.12.jar:/Users/tdlpacpro/.m2/repository/org/hamcrest/hamcrest-core/1.3/hamcrest-core-1.3.jar:/Users/tdlpacpro/.m2/repository/io/cucumber/cucumber-core/3.0.2/cucumber-core-3.0.2.jar:/Users/tdlpacpro/.m2/repository/io/cucumber/cucumber-html/0.2.7/cucumber-html-0.2.7.jar:/Users/tdlpacpro/.m2/repository/io/cucumber/tag-expressions/1.1.1/tag-expressions-1.1.1.jar:/Users/tdlpacpro/.m2/repository/io/cucumber/cucumber-expressions/5.0.19/cucumber-expressions-5.0.19.jar:/Users/tdlpacpro/.m2/repository/io/cucumber/datatable/1.0.3/datatable-1.0.3.jar:/Users/tdlpacpro/.m2/repository/io/cucumber/datatable-dependencies/1.0.3/datatable-dependencies-1.0.3.jar:/Users/tdlpacpro/.m2/repository/io/cucumber/cucumber-java/3.0.2/cucumber-java-3.0.2.jar:/Users/tdlpacpro/.m2/repository/io/cucumber/gherkin/5.1.0/gherkin-5.1.0.jar:/Users/tdlpacpro/.m2/repository/io/cucumber/gherkin-jvm-deps/1.0.4/gherkin-jvm-deps-1.0.4.jar:/Users/tdlpacpro/.m2/repository/io/cucumber/cucumber-jvm-deps/1.0.6/cucumber-jvm-deps-1.0.6.jar:/Users/tdlpacpro/.m2/repository/io/cucumber/cucumber-picocontainer/3.0.2/cucumber-picocontainer-3.0.2.jar:/Users/tdlpacpro/.m2/repository/org/picocontainer/picocontainer/2.15/picocontainer-2.15.jar:/Users/tdlpacpro/.m2/repository/com/codeborne/selenide/4.12.3/selenide-4.12.3.jar:/Users/tdlpacpro/.m2/repository/org/seleniumhq/selenium/selenium-java/3.13.0/selenium-java-3.13.0.jar:/Users/tdlpacpro/.m2/repository/org/seleniumhq/selenium/selenium-api/3.13.0/selenium-api-3.13.0.jar:/Users/tdlpacpro/.m2/repository/org/seleniumhq/selenium/selenium-chrome-driver/3.13.0/selenium-chrome-driver-3.13.0.jar:/Users/tdlpacpro/.m2/repository/org/seleniumhq/selenium/selenium-edge-driver/3.13.0/selenium-edge-driver-3.13.0.jar:/Users/tdlpacpro/.m2/repository/org/seleniumhq/selenium/selenium-firefox-driver/3.13.0/selenium-firefox-driver-3.13.0.jar:/Users/tdlpacpro/.m2/repository/org/seleniumhq/selenium/selenium-ie-driver/3.13.0/selenium-ie-driver-3.13.0.jar:/Users/tdlpacpro/.m2/repository/org/seleniumhq/selenium/selenium-opera-driver/3.13.0/selenium-opera-driver-3.13.0.jar:/Users/tdlpacpro/.m2/repository/org/seleniumhq/selenium/selenium-remote-driver/3.13.0/selenium-remote-driver-3.13.0.jar:/Users/tdlpacpro/.m2/repository/org/seleniumhq/selenium/selenium-safari-driver/3.13.0/selenium-safari-driver-3.13.0.jar:/Users/tdlpacpro/.m2/repository/org/seleniumhq/selenium/selenium-support/3.13.0/selenium-support-3.13.0.jar:/Users/tdlpacpro/.m2/repository/net/bytebuddy/byte-buddy/1.8.3/byte-buddy-1.8.3.jar:/Users/tdlpacpro/.m2/repository/org/apache/commons/commons-exec/1.3/commons-exec-1.3.jar:/Users/tdlpacpro/.m2/repository/commons-codec/commons-codec/1.10/commons-codec-1.10.jar:/Users/tdlpacpro/.m2/repository/commons-logging/commons-logging/1.2/commons-logging-1.2.jar:/Users/tdlpacpro/.m2/repository/com/google/code/gson/gson/2.8.4/gson-2.8.4.jar:/Users/tdlpacpro/.m2/repository/com/google/guava/guava/25.0-jre/guava-25.0-jre.jar:/Users/tdlpacpro/.m2/repository/com/google/code/findbugs/jsr305/1.3.9/jsr305-1.3.9.jar:/Users/tdlpacpro/.m2/repository/org/checkerframework/checker-compat-qual/2.0.0/checker-compat-qual-2.0.0.jar:/Users/tdlpacpro/.m2/repository/com/google/errorprone/error_prone_annotations/2.1.3/error_prone_annotations-2.1.3.jar:/Users/tdlpacpro/.m2/repository/com/google/j2objc/j2objc-annotations/1.1/j2objc-annotations-1.1.jar:/Users/tdlpacpro/.m2/repository/org/codehaus/mojo/animal-sniffer-annotations/1.14/animal-sniffer-annotations-1.14.jar:/Users/tdlpacpro/.m2/repository/org/apache/httpcomponents/httpclient/4.5.5/httpclient-4.5.5.jar:/Users/tdlpacpro/.m2/repository/org/apache/httpcomponents/httpcore/4.4.9/httpcore-4.4.9.jar:/Users/tdlpacpro/.m2/repository/com/squareup/okhttp3/okhttp/3.10.0/okhttp-3.10.0.jar:/Users/tdlpacpro/.m2/repository/com/squareup/okio/okio/1.14.1/okio-1.14.1.jar:/Users/tdlpacpro/.m2/repository/io/github/bonigarcia/webdrivermanager/2.2.3/webdrivermanager-2.2.3.jar:/Users/tdlpacpro/.m2/repository/org/slf4j/slf4j-api/1.7.25/slf4j-api-1.7.25.jar:/Users/tdlpacpro/.m2/repository/commons-io/commons-io/2.6/commons-io-2.6.jar:/Users/tdlpacpro/.m2/repository/org/apache/commons/commons-lang3/3.7/commons-lang3-3.7.jar:/Users/tdlpacpro/.m2/repository/org/rauschig/jarchivelib/0.7.1/jarchivelib-0.7.1.jar:/Users/tdlpacpro/.m2/repository/org/apache/commons/commons-compress/1.9/commons-compress-1.9.jar:/Users/tdlpacpro/.m2/repository/org/jsoup/jsoup/1.11.3/jsoup-1.11.3.jar:/Users/tdlpacpro/.m2/repository/net/lightbody/bmp/browsermob-core/2.1.5/browsermob-core-2.1.5.jar:/Users/tdlpacpro/.m2/repository/net/lightbody/bmp/littleproxy/1.1.0-beta-bmp-17/littleproxy-1.1.0-beta-bmp-17.jar:/Users/tdlpacpro/.m2/repository/com/fasterxml/jackson/core/jackson-core/2.8.9/jackson-core-2.8.9.jar:/Users/tdlpacpro/.m2/repository/com/fasterxml/jackson/core/jackson-databind/2.8.9/jackson-databind-2.8.9.jar:/Users/tdlpacpro/.m2/repository/com/fasterxml/jackson/core/jackson-annotations/2.8.9/jackson-annotations-2.8.9.jar:/Users/tdlpacpro/.m2/repository/dnsjava/dnsjava/2.1.8/dnsjava-2.1.8.jar:/Users/tdlpacpro/.m2/repository/org/slf4j/jcl-over-slf4j/1.7.25/jcl-over-slf4j-1.7.25.jar:/Users/tdlpacpro/.m2/repository/com/jcraft/jzlib/1.1.3/jzlib-1.1.3.jar:/Users/tdlpacpro/.m2/repository/io/netty/netty-all/4.0.51.Final/netty-all-4.0.51.Final.jar:/Users/tdlpacpro/.m2/repository/org/bouncycastle/bcprov-jdk15on/1.58/bcprov-jdk15on-1.58.jar:/Users/tdlpacpro/.m2/repository/org/bouncycastle/bcpkix-jdk15on/1.58/bcpkix-jdk15on-1.58.jar:/Users/tdlpacpro/.m2/repository/net/lightbody/bmp/mitm/2.1.5/mitm-2.1.5.jar:/Users/tdlpacpro/.m2/repository/org/junit/jupiter/junit-jupiter-api/5.2.0/junit-jupiter-api-5.2.0.jar:/Users/tdlpacpro/.m2/repository/org/apiguardian/apiguardian-api/1.0.0/apiguardian-api-1.0.0.jar:/Users/tdlpacpro/.m2/repository/org/opentest4j/opentest4j/1.1.0/opentest4j-1.1.0.jar:/Users/tdlpacpro/.m2/repository/org/junit/platform/junit-platform-commons/1.2.0/junit-platform-commons-1.2.0.jar:/Users/tdlpacpro/.m2/repository/org/projectlombok/lombok/1.18.2/lombok-1.18.2.jar:"/>
    <property name="sun.cpu.endian" value="little"/>
    <property name="user.home" value="/Users/tdlpacpro"/>
    <property name="user.language" value="en"/>
    <property name="java.specification.vendor" value="Oracle Corporation"/>
    <property name="java.version.date" value="2018-07-17"/>
    <property name="java.home" value="/Library/Java/JavaVirtualMachines/jdk-10.0.2.jdk/Contents/Home"/>
    <property name="file.separator" value="/"/>
    <property name="basedir" value="/Users/tdlpacpro/Documents/javaAutomation"/>
    <property name="java.vm.compressedOopsMode" value="Zero based"/>
    <property name="line.separator" value="&#10;"/>
    <property name="java.specification.name" value="Java Platform API Specification"/>
    <property name="java.vm.specification.vendor" value="Oracle Corporation"/>
    <property name="java.awt.graphicsenv" value="sun.awt.CGraphicsEnvironment"/>
    <property name="surefire.real.class.path" value="/Users/tdlpacpro/Documents/javaAutomation/target/surefire/surefirebooter14518774496325429869.jar"/>
    <property name="sun.management.compiler" value="HotSpot 64-Bit Tiered Compilers"/>
    <property name="ftp.nonProxyHosts" value="local|*.local|169.254/16|*.169.254/16"/>
    <property name="java.runtime.version" value="10.0.2+13"/>
    <property name="user.name" value="tdlpacpro"/>
    <property name="path.separator" value=":"/>
    <property name="os.version" value="10.13.6"/>
    <property name="java.runtime.name" value="Java(TM) SE Runtime Environment"/>
    <property name="file.encoding" value="UTF-8"/>
    <property name="java.vm.name" value="Java HotSpot(TM) 64-Bit Server VM"/>
    <property name="java.vendor.version" value="18.3"/>
    <property name="localRepository" value="/Users/tdlpacpro/.m2/repository"/>
    <property name="java.vendor.url.bug" value="http://bugreport.java.com/bugreport/"/>
    <property name="java.io.tmpdir" value="/var/folders/gr/r_tn3rgs14x3hzl8rjspfjbc0000gn/T/"/>
    <property name="java.version" value="10.0.2"/>
    <property name="user.dir" value="/Users/tdlpacpro/Documents/javaAutomation"/>
    <property name="os.arch" value="x86_64"/>
    <property name="java.vm.specification.name" value="Java Virtual Machine Specification"/>
    <property name="java.awt.printerjob" value="sun.lwawt.macosx.CPrinterJob"/>
    <property name="sun.os.patch.level" value="unknown"/>
    <property name="java.library.path" value="/Users/tdlpacpro/Library/Java/Extensions:/Library/Java/Extensions:/Network/Library/Java/Extensions:/System/Library/Java/Extensions:/usr/lib/java:."/>
    <property name="java.vendor" value="Oracle Corporation"/>
    <property name="java.vm.info" value="mixed mode"/>
    <property name="java.vm.version" value="10.0.2+13"/>
    <property name="sun.io.unicode.encoding" value="UnicodeBig"/>
    <property name="java.class.version" value="54.0"/>
    <property name="socksNonProxyHosts" value="local|*.local|169.254/16|*.169.254/16"/>
  </properties>
  <testcase name="Book hotel" classname="booking" time="25.854"/>
</testsuite>